<component name="libraryTable">
  <library name="junit" type="repository">
    <properties maven-id="junit:junit:4.0" />
    <CLASSES>
      <root url="jar://$MAVEN_REPOSITORY$/junit/junit/4.0/junit-4.0.jar!/" />
    </CLASSES>
    <JAVADOC />
    <SOURCES />
  </library>
</component>